        0.109313       -0.200037        -0.77705
        0.112822         2.20833      -0.0898859
         0.58992       -0.451482        0.420566
        -0.77633       0.0522107       -0.949463
        0.336879       -0.851766        0.428725
        0.618908       -0.236358        -1.11103
        0.553116         1.31093        -1.40931
        0.959582       -0.107293       -0.946793
        -1.08783       -0.237784       -0.212078
        -1.28764      -0.0562899        -1.16588
        0.159598       -0.545184        0.325249
        -0.21924       -0.415761        0.175696
        0.525111       -0.264743         1.04002
       -0.700081       -0.161443         1.80822
        -1.52094       -0.249605        0.179369
         2.21428        0.151991      -0.0162735
       -0.436163       -0.477423         1.04345
        -1.76937        0.610718       -0.526916
       -0.276547        0.715375       0.0721961
        0.140759       -0.731581        0.348378
        0.235195         1.10991        0.075372
       -0.292476        -3.05861       -0.158519
         1.20771         1.43751         2.88412
         1.03888         1.41212        0.635362
       -0.453937       -0.376918       -0.556372
     -0.00808654         1.77348      -0.0523771
        0.741552        -1.44896        0.363201
        0.158673        0.117458       -0.379638
        0.672307        0.096002         1.07986
       -0.874067       -0.617275        0.279785
      -0.0665314       -0.196261       -0.885576
        0.488438       -0.256848        0.705399
        0.468218       -0.072352        0.511149
       -0.388503       -0.368412      0.00667546
       -0.269066        0.473575        -1.83141
        0.741797       -0.274927        0.653053
        0.119845       0.0544193         1.18151
         1.83329         1.24082       -0.819241
       -0.764679       -0.433957        0.542835
       0.0986706       -0.176519       -0.509299
      -0.0306022         -1.2406        -1.37986
       -0.172901       -0.133607        0.570678
        -1.65491        0.102076       -0.161197
         0.34553        0.274581       -0.534666
        0.867513        0.807143       -0.886347
        0.176023       0.0812891       -0.353393
         0.13084       -0.800601        0.623605
        -0.27259      -0.0855343        0.884699
       -0.942079        0.635736       -0.759447
       0.0536555       -0.580578       -0.735926
      -0.0439533         1.66457        0.256597
        0.306396         0.87686         1.33987
        0.106206       0.0198911       -0.378853
       -0.230978        0.452337        0.151425
         1.31501        0.522962       -0.146481
         1.29309        -1.13964        0.656954
        0.569586         0.70903        0.969553
        0.108926         -1.0468        0.682857
        -1.03112         1.36657        -1.58257
       -0.954088        0.103944       -0.965819
         1.80646       -0.790406        0.962335
        0.512979        -1.35048        0.948958
        -1.21095       -0.214812        0.953499
         1.23893       0.0629672        -1.03201
        0.768742        -1.03272        0.209234
       -0.670156         1.20493       -0.734897
        0.843587        -1.21412       -0.672605
       -0.628852        0.242749        0.225475
         1.84856       -0.713016       -0.480647
       -0.425237       -0.294549         1.98453
        0.892712       -0.138068         1.33739
        0.109501       -0.937998        0.717155
       -0.780469        0.290857       -0.781749
       -0.770837        0.221096        0.635707
        -2.38506       -0.755773       -0.485892
       -0.679452        0.725104       -0.347664
       0.0918291        -1.74239       -0.118702
       -0.446946       -0.496153        0.615034
         -1.9311         -1.6877        -1.16211
        0.938619        -1.44997       -0.996675
        0.171517         1.02854       -0.537841
        -1.27589         0.67481       -0.621934
         1.15463        0.556045       -0.882473
        0.736259       -0.232689       -0.723832
        0.554067        0.489041       -0.227471
       -0.154378       -0.838882        0.218782
        -1.40543       -0.617277       -0.338452
         0.32749         1.10063        0.441718
       -0.183876        -0.60854        0.691169
        0.565925        -0.80352        0.655058
       -0.487637        0.820265        0.603901
       -0.451667       -0.744022       0.0356009
       -0.356522       -0.350363        0.449783
         1.07005         1.27143       -0.623591
        0.215191         1.63818        0.329916
       -0.873507       -0.181491       -0.838329
      -0.0289092         2.18597       -0.422035
       -0.604687        0.225783       -0.795848
       -0.134735         1.24849         1.09684
       -0.520229         0.32046       -0.459418
        -0.40773         -0.2129       -0.752557
          1.0234       -0.767118        0.958271
        -1.45739       -0.544891        0.232807
       -0.514553         1.07159        -2.03395
       -0.662829       -0.868393        0.143635
        0.969302        0.460515         1.25305
        0.866553      -0.0838571       -0.423649
       -0.130188        0.745972        0.179711
