         1.49145        0.983319        0.726302
         1.31877        -1.44244         1.95094
       0.0609038       -0.531505       -0.731047
         2.35543        0.109296        0.599564
         1.69568        0.209904         1.36188
         2.62064        -0.32565        -1.05905
        -1.41546       -0.308413        0.422854
       -0.155149        0.439621        0.331334
         3.09824       -0.503949        0.143941
        -1.99634        0.839403        0.826299
       -0.448757        -2.33591        -1.41423
        -1.24821       -0.272284       -0.435534
        -1.19072      -0.0394193         1.32221
          1.3086        0.693982       0.0808028
        0.688072         1.84808         1.14197
       -0.385101        -1.36161         1.06094
        0.776437         1.00858        0.958711
        0.290627        -1.72429         -1.0704
       -0.382063         2.35707       -0.728897
        0.416846       0.0987342      -0.0712686
       -0.351302       0.0800735        0.571831
        -1.57279          1.8051         1.33682
        0.392561        -2.17829         2.17006
         2.61527        0.218716         0.94878
        -1.09221       -0.599955        -1.00215
         -2.1004        0.312826       -0.494017
       -0.223578        -1.65798       -0.569016
        -0.32538        0.689567     -0.00834626
       -0.849812       -0.982132         1.18602
         -1.5662        -1.41209        0.316978
        -1.29787        0.885809        -1.41239
        -2.13219       -0.357298      -0.0303348
       -0.898449        -1.78413         4.08988
        -1.99024        -1.22814        0.519497
       -0.936682       -0.421503       -0.250542
        -1.79839         1.84933        0.917474
         1.19725        -1.53922         0.79135
        0.347649         -1.7783        0.351891
      -0.0205751        -2.51355       0.0267093
       -0.275124         1.69509        0.348278
         1.32407        0.614489         1.04209
         0.44285         1.72152         -1.1685
       -0.896555         2.77014        -1.02413
       -0.412024        0.527952        -1.76857
        -2.59232        0.893104       -0.675269
         2.82807         1.18326        0.842617
       0.0712737        0.843527         -1.5829
        -1.10874        0.496454        0.398705
       -0.817203         3.29231        0.321469
         1.08725        0.401425        -1.90031
        -2.19179       -0.389087        -1.64947
         -1.0843        0.947218         -2.2093
         1.63633        -3.51794        -4.14582
        0.726177         1.87375       -0.537867
         1.01984       -0.635838        0.499961
       0.0391864       -0.361885         1.57738
       0.0378518       -0.195287        -1.31941
        0.387962        0.689738       -0.864492
         -1.3796       -0.781216        -0.86423
         -1.2275        0.298857       -0.149361
       -0.593381         2.03348         1.24994
         1.25772       -0.419268        -1.26357
        -1.75978      -0.0397861        -1.87784
       -0.192461        -1.47194       -0.447335
       -0.468221        -1.30384         1.84486
        0.139614        -1.02184        -1.52417
        0.522007        -2.12101        -1.14771
        0.521794         1.40501        -1.70699
        -1.16091      -0.0647308        -1.00369
        -1.65182        0.202668        0.241412
        -1.01326       -0.514452        0.770789
       -0.610479         1.64571         1.05394
        0.563019        0.123043       0.0876781
       -0.263519        0.509503         1.69334
        0.418698         1.98273       -0.324229
       -0.574315        -1.24735       -0.554121
         1.54627         -1.8435         1.44562
       -0.279145        -1.61349        0.311994
         2.10356         2.71543        0.528199
         1.04605        0.763879       -0.515974
        -1.61214       -0.513163        -1.35068
        0.596214       -0.488046       -0.569924
        0.879611       -0.687401       -0.604297
         -0.2753       -0.838277      -0.0101154
       -0.167064       -0.473895         0.66655
        -1.64408        -0.31414       -0.370973
         1.04574        0.709058         0.28698
        -1.13573         1.68452       -0.973262
        -1.49836         1.65285       -0.167895
        -1.32446        -1.82595          1.0478
         0.82173       -0.608046        -1.31268
         1.02687       -0.437928         2.48139
        0.745183       -0.735824       -0.566073
       -0.640676         1.46608        0.321785
         2.25464         1.39986        -1.18998
       -0.138397        0.443197        -1.55187
      -0.0161999        0.170628       -0.856364
      -0.0713887         1.16937       -0.315876
         1.29095        -1.54957         1.83104
          1.7448        0.373115        -1.62055
        0.840683       -0.993592         1.73786
       0.0691642         1.73609       0.0246766
        0.771017       -0.107062         1.52501
       -0.937851        -0.37812         1.72371
         1.59446         1.19907        -0.43668
         1.06822        -1.02549        0.169048
       -0.369064        -2.00445       -0.468252
         1.61774       -0.242043          1.6388
