         0.51286         1.42069        0.144936
       -0.606503        -0.25939        0.397066
        -1.60238        -0.77216        -2.41141
       -0.332517         2.15893         1.62746
       -0.155779       -0.144355        0.211445
        0.388708         -1.7309        0.197871
         -1.0213        -0.62969        0.192787
       -0.238543        0.686337       0.0245546
        0.356697       0.0647297       -0.464692
        0.288075         -1.2045         2.05291
       -0.226619        0.276676        0.787607
        0.147088        -1.07242        0.654418
        -1.10706        0.494301        0.306959
         1.02534        -1.59932        -1.11612
        -1.03851        0.990552       -0.110102
        -1.43773        -1.03897       -0.477046
       -0.200203       -0.542432        0.619763
         -1.5048          1.1659        -1.17514
       -0.422895         1.18523       -0.179585
        -2.58916        0.459157        -1.05243
        0.364774        0.248929        -1.28669
        0.574919         1.71931        0.801314
         1.07169     -0.00631312        0.295012
       -0.413973       -0.660688        0.296931
       -0.897215       -0.753835         1.45012
        0.404142        0.081634      -0.0605965
        -0.93208        0.143556          1.6235
       -0.207458         2.79482        -1.08798
        0.373348        0.240525         1.12542
       -0.796891        -2.62901       -0.952613
        0.685089        -0.46187       -0.343854
       -0.649602        0.222357        0.520607
         1.89813      -0.0512062         1.00701
       -0.868649        0.872962       -0.447406
        -2.42103        0.739614        -1.90119
        0.590313       -0.697687        -0.11746
       -0.736764        -1.11113        -1.12936
        -1.18051       -0.902201        0.647015
        0.327047        0.121926         1.81423
        0.644293         1.28376       -0.211377
         1.03755        0.331444       -0.755238
        0.708796       -0.304819         1.87346
       -0.510766        -1.34047        0.697596
         1.50738       -0.712669        -3.21724
        -0.26295        0.865696       -0.405015
        0.596305         1.07249        -1.28103
         1.78172       -0.943004        -0.11921
         -1.6877         1.08406       0.0816479
         1.62057       -0.110389        -1.61354
        0.868106         1.78002       -0.306581
      -0.0626745        -1.27995       -0.109147
        0.218288       -0.820743        -1.09295
        -0.82706         1.14245        0.570728
        0.123294         2.16273        -2.52495
        -1.84507       0.0664441         1.32666
        0.428062        0.320543         1.15109
       -0.201086         2.46774       -0.112164
        0.503824       -0.146994        0.879385
        -1.29361        -1.60804          1.6642
       -0.206491         1.25205        -1.03314
       -0.221646       -0.684402        -1.77826
         1.62143        -1.61066       0.0261294
         2.56672       -0.490101       -0.513533
        -1.33516        -1.45593       -0.579829
       -0.995084        0.860186        -1.10526
        0.811773        -1.12501       -0.910513
         1.38837        -0.29039        0.659816
          1.5004         1.09117        0.359462
        -2.28716       -0.822191        0.598917
        -1.06627       -0.197049        -2.06957
        0.011678        -1.23761       -0.446951
       -0.651394           2.051        0.923556
        -1.28423        -2.19736       0.0848144
         2.39919       -0.510736       -0.424503
         1.13146       -0.293375       -0.418162
        -1.93116       -0.871529        0.506845
        0.427844       -0.439593        -0.57557
        0.556726        -2.06706       -0.102804
         -1.1546       -0.526131       -0.746647
        0.751821         1.60219         0.31422
          1.4242        0.344349       -0.671336
        -1.72208        -1.35004        0.546053
       -0.755492        0.436316         -1.7758
         2.53567       -0.293438         1.86992
       0.0281186      0.00544251         1.38434
        0.881856       -0.273862        0.435763
        0.556065         2.32265       -0.969518
       -0.286104        -1.24655       -0.243217
        0.102768        -0.31865        -1.85191
       -0.253196        0.151608         1.27067
         1.19202        0.941472       -0.136406
       0.0506311        -1.00627         1.77182
         1.27079        0.888478        0.220446
         1.45174       -0.411234        -1.23961
      -0.0741111         1.72709         1.67547
        0.849479         -1.8172         1.34811
         1.50895        0.570997        0.723686
         -0.5491         1.24256        0.302698
        0.226862         1.95801        -1.54308
       -0.550516       -0.511938        0.939223
        0.207713         1.04722       -0.787666
        -1.28359       -0.700692       -0.810987
         2.71585        0.633412        0.790428
        -1.12073       -0.019974         2.12228
        0.807903        0.160038      -0.0909447
        -1.35841        -1.85861         1.10935
       -0.823845       -0.393923        0.582277
         0.16502        0.604882         1.27734
