        0.455901       -0.691902       -0.318204
        0.262455        0.608268         1.09729
        -0.25196        -1.40859         0.61038
        0.770803        0.779568       -0.294556
       -0.444583        -1.24039        0.326675
      -0.0322665       -0.181478       -0.733154
        0.276511        0.362674          0.1621
         0.58897      -0.0228713        -0.42157
        0.666738        -1.09338        0.110228
       -0.997336       -0.940727       -0.831306
        0.656487       -0.853657       -0.446106
        0.129169        -1.95578       -0.308794
         2.04354       -0.426086       -0.322752
         1.24659       -0.642944        0.262887
        0.324169         1.51088       -0.694371
         0.25626        0.649912       -0.997603
        -1.19015        -1.06835      -0.0628296
        -1.78207        0.360196         0.48965
       -0.867878        0.139396         2.36234
        0.529058        0.513996        0.389935
        0.156776       -0.669755        -0.41923
       -0.965543       -0.398708         -1.3975
        0.274146       -0.622244        0.768039
      -0.0331726       -0.981756      -0.0755552
        -0.63712       -0.521804      -0.0947206
       -0.308444         2.18967      -0.0601523
        -0.32584        0.467985        0.758603
        0.940754         1.93092      -0.0278406
         1.09989       -0.830212       -0.825009
        0.924198       -0.115025        0.826106
       -0.753676       -0.749549       -0.824804
        0.124578         1.92994       -0.570487
       -0.757205        0.434516        -1.59702
        0.684423        -0.25586        0.761623
       -0.320288       -0.640767        0.115965
       -0.275235       -0.476647       0.0341921
        -1.88936         1.40488       0.0672829
        0.411546      -0.0993282        -2.15179
         1.12446       -0.779307         1.60289
         0.22041        0.790841        0.764242
       -0.633294         0.89557       -0.602413
        0.556046       -0.685233        0.908352
       -0.715371          1.1466        0.940471
       -0.330833         1.04271        -1.75946
       -0.486087        0.527324          0.1248
        0.525813        0.139308       -0.818353
        -1.14076         -1.6463      -0.0441578
       -0.303039         1.53978       -0.141675
        -1.08027        0.862299        0.503487
        0.867956         1.09247        0.780151
        0.581936         -1.3557       -0.589401
       -0.347709         0.42961         0.68873
        -1.18296       0.0370734       0.0704357
        -1.01653       -0.630516       -0.407598
         -1.0172        0.436482         2.22188
       -0.593254        -0.68275       -0.973815
       -0.305464       -0.125882        -1.45922
         1.34469       -0.404415       -0.504933
       -0.267262        -1.37155        0.166143
        0.238123         1.27426       -0.993798
        0.757758       -0.477265        0.567932
         0.31345       -0.265834       0.0618927
         1.01114       -0.523044       -0.622017
      -0.0196744      -0.0746142        -1.32194
       0.0377222        -1.00705      -0.0235199
        0.217272        -1.09607           1.204
        -1.60023        0.146636        0.897688
       -0.353814       -0.545777        0.104512
      -0.0862826       -0.625543         2.21065
       -0.652623        0.815042      -0.0199241
        0.513524        0.374133        -1.06139
        0.470843        0.506798        0.597719
         -0.3309        0.214701        -1.25202
       -0.887496        0.155447        -1.96932
       -0.531844        0.526234        0.684546
         0.48418       -0.127286        0.508207
       -0.455476       -0.821154       -0.258624
         1.46834      -0.0767886         1.63848
         1.31044        0.710287        -1.60962
       -0.850622       -0.347303        0.491674
      -0.0157807       -0.795501         1.36561
         1.34405         1.15124        0.476803
       -0.910302         2.04887         2.18189
        -1.45291        0.507417         0.18579
      -0.0478773        -1.24622        0.158554
       -0.476702         2.48497        0.727189
       -0.879445        -1.41221       -0.811968
       0.0657174       -0.262339        -0.45161
        0.839689        0.860529         1.06208
        -1.22119       -0.377499        -1.10138
        0.891286        0.235722      -0.0674903
        0.553657        0.727443         1.23415
        0.104159        0.689036        0.349418
       -0.254842         1.07791       -0.489362
        0.685444       -0.776383       -0.891612
       -0.584678         0.95362         1.90882
       -0.600443        0.350605         1.19228
         2.31528       0.0517836       -0.222196
        0.448728       -0.596845        0.452257
        0.905758       -0.384134         -1.7902
        -1.62731       -0.767635        -0.73727
       -0.948723         1.17986      -0.0740609
        0.354406         1.25763        0.519009
         0.26646       -0.599414       -0.644103
       -0.159535        -1.82006        -0.90042
         2.10045       -0.346946       -0.692692
        0.436508        -1.15919       -0.302822
       0.0222343        0.578522        0.389707
