       -0.786344        0.709834        0.397868
      -0.0888206       -0.296819        -2.42544
        -2.06866         3.64429       -0.855273
        0.614832        -1.59385        -1.16777
        0.455812       -0.255984         1.04484
        -1.11617         2.21057        0.790411
        0.413465       -0.012998         2.51183
       0.0933429        0.297383       -0.866987
         2.61441       0.0855822      -0.0945456
        0.319221       -0.170618        -2.16665
       -0.637349        0.372742         1.88158
       -0.616362        0.281522        -1.94608
         1.35218       0.0276207       -0.633486
         1.16681        -0.27785         1.31189
        -1.21714        0.732163         1.56513
        0.534536        0.734884        -0.46855
        0.152878       -0.192252       -0.911178
        -1.40227         1.05264         2.61527
         2.02056       -0.116072        0.862486
       0.0976621         2.17965        0.114077
        0.157608        -2.48358        -0.93387
         2.12197        -1.06105         1.40361
        -1.23531         1.00342         1.60329
        0.356175        0.692504        0.669457
       -0.668959       -0.608064        0.639085
         1.78416       -0.641438        -1.24268
       -0.465005       -0.480172       -0.299404
       -0.269873         2.09449       -0.372439
      -0.0171635        0.112841        -1.07891
       -0.165888        -0.53173        -1.00903
        0.820057        0.533816        -2.37436
      -0.0373884        -1.62641        0.712547
       0.0929397        0.591637         0.46412
        0.607832       -0.546653       -0.824186
         1.24269       -0.133752         1.82374
         0.24012        -0.39942        0.694891
        -1.09702       -0.211093       -0.116009
         2.35761       -0.973997        0.197241
       -0.769491        -1.76089        0.498676
        0.296504         1.00658         1.72417
       0.0378207        -1.92228         1.28195
        0.347939        0.675667         1.04135
         1.16223        0.347812       -0.755432
        -1.87529        0.314294        0.178796
       -0.473674       -0.417059        -1.54942
        0.111393       -0.474862        0.381027
         1.29286         1.00349       -0.570128
       -0.205804         -1.2443        0.898585
       -0.274871          0.2848         0.26918
         0.39827         1.29884        -0.71698
        -2.00554       -0.864247        0.918666
       -0.414855       -0.143777        -1.05297
       -0.385665        0.529264         1.12709
      -0.0511941       -0.618059       0.0106618
       -0.987887       -0.490969       -0.171926
        0.216772        0.958942       -0.949151
       -0.506888         0.45925        -1.16312
        0.562971        0.934748       -0.716714
        0.829947       -0.125764      -0.0620133
        -1.16673        -0.22346         1.82548
        0.455785        0.463633         1.89545
        -1.43798         1.33704       -0.875059
        -2.31762      -0.0562351       -0.614935
       0.0613595       -0.386744       -0.858431
        0.502848        -1.13099        -0.86914
         -0.3518       -0.461091      0.00257247
        0.584975       -0.199136        -2.06352
        0.223183       -0.257246        0.159303
         2.00208       -0.165739         1.39534
       -0.975203       -0.569188       -0.307508
        -1.96944       -0.740208         1.96055
       -0.798547       -0.943083         1.96423
       -0.211095        -0.24905        0.226561
        0.267967          0.5606       -0.670208
        0.334428       -0.620828         0.10832
        -2.27121       -0.564995        0.979841
      -0.0171016       -0.499259        -1.67562
       -0.156667       -0.959171       -0.935507
       0.0618205        0.451206        -1.90458
        0.632434         0.26756       0.0513515
       -0.116309         1.13582       -0.857031
        0.979956         1.56704       -0.269855
       -0.266304       -0.300786        0.760391
       -0.262148        0.093549       -0.286493
        0.515142         1.01306        0.912955
         1.38776       -0.823187       0.0369944
        0.146666      -0.0560341       -0.812193
         1.61945       0.0119003          0.4841
        0.153692        -1.63351        0.619574
        -2.40597        -3.32599       0.0120715
        0.526424         1.91697       -0.703964
        -1.01368         1.14808        -1.70973
         1.44609          1.9541         1.66856
         2.14067       -0.350261        -1.44735
        0.216899       -0.127793        0.988313
       -0.211089     -0.00269651        0.816975
        0.210168        0.538159       -0.733735
        -1.93817        -0.13805       0.0803416
         1.44256       -0.441919          1.5822
        0.201949        0.165938         1.02072
        -2.17983        -1.09758       0.0923353
       -0.800278        -1.11578       0.0838969
      0.00305858         1.11522        -0.17209
        0.310877        0.180176       -0.255641
        0.948526        -0.14399       0.0427256
       -0.208795        -1.09998        -1.95317
        -1.23273       -0.576254        -1.38235
       -0.100775        0.844919       -0.551878
