        0.115741       -0.152039         1.69683
        -1.80833         -0.4481        0.540053
        0.827562        -2.14264       -0.635066
       -0.406742         2.01121         1.58649
        0.444757        -0.72833        -0.54951
        -0.24767          -1.875        0.069471
         1.00774       -0.580191        0.415128
         0.52838        0.126506         0.67659
        0.152897        0.485053      -0.0619412
        -1.52386        -1.70038         1.00567
      -0.0522562         1.87407       -0.874825
       -0.718854       -0.689334       -0.837028
       -0.847091        -1.53907       -0.564777
     0.000580917        -2.32347        0.715297
         0.27199         2.38787         1.83955
      -0.0533379        0.109677        -1.84756
        -1.76789        -1.08815        0.822211
       -0.434825        -1.63329       -0.196875
       0.0509651        0.921062        -1.07806
        -1.19256       -0.824246       -0.477421
         0.79989        0.865033        -1.24147
        0.081896         2.38357         1.69731
        0.506784         1.28504        0.408729
        0.938441        0.785656       -0.999418
       -0.618423       -0.459607         2.08855
         2.00912        -1.00163        -1.69014
        -0.18816         1.29389        0.635153
        0.574962       -0.973403        0.948583
         0.97884       -0.739858         1.73672
        0.541935        0.703064       -0.658881
       -0.488322         3.13742         1.02129
       -0.957647         0.36073       0.0779268
        -0.68129        -2.94693         -1.3112
       -0.286705        0.393097        0.400942
        0.192358        0.271698       -0.561241
         1.45952       -0.708137       -0.324692
       -0.697565       -0.186741       -0.603297
         0.18163       -0.259952       -0.313817
        -2.99991       -0.890668        0.895297
        0.456552       -0.315411      0.00214318
         1.02747        0.884316        0.852559
        0.832955       -0.841742        0.540477
        0.678002       -0.479822        0.127609
         1.35461        0.278484         2.21113
       -0.163716      -0.0437773        -1.87181
     -0.00401231        -0.65253        0.619163
        0.662351         -1.2735       -0.446776
       -0.190744        0.273004         1.08574
        0.712673        -1.37656       -0.535072
         1.16656       -0.282195        -1.51118
        -1.35662        0.626747        0.496875
         1.38248      -0.0661261      -0.0941438
        -1.19041        0.636077         1.15505
         1.00393         1.29598       -0.488703
       -0.904472        -2.29346       -0.372738
         1.48189       -0.515486        -2.22675
        0.224043        0.171695       -0.938383
        -1.01029        0.724136      -0.0334509
         1.03237       -0.957583       -0.104037
       -0.263467       -0.195712        -1.30681
       -0.868547        0.651831       -0.803131
        -0.64301        -1.27767        0.385993
        0.473372         1.08749        0.472794
        0.993697       -0.943271        0.211372
         1.26775       -0.976923        -1.21678
        0.152164         2.23013        0.928817
        0.363501        0.129625       -0.520394
        -1.33615       -0.473918          1.3298
       -0.595285       -0.426459         0.95967
       -0.222729       -0.498573         -1.0394
       -0.040168         1.51147         2.34595
        -1.04706          1.1702        -1.27866
       -0.164782        -1.14622         1.96202
        -1.34967        -1.76583        -2.60077
       -0.181999        -1.42643         -1.0449
        -2.05125         0.21631        -1.92756
        0.951116       -0.214267        0.764477
          -1.198         1.46973        0.797896
        -1.27206         1.28102         1.52919
       -0.740171      -0.0036604        0.415422
         2.20212         2.10169        0.809795
        -1.02211        0.249178        0.129805
        0.520194         2.84571        -2.03829
        0.425638       -0.941635       -0.342599
       -0.430237        0.286818         0.51791
       0.0374892         1.86394        -1.50499
         1.55132         2.76198        0.191944
         1.50683        0.256253       -0.540249
       0.0803057          1.0912         1.36557
         1.38679       -0.168136        0.274667
        0.124183        -1.20671        -1.56808
       -0.191013       0.0840237        -2.21622
        0.249216       -0.746742         1.54169
       -0.308391        0.664839       -0.331003
        0.128979       -0.429703       -0.659721
         0.30526       -0.602016         1.02063
        -2.59208      -0.0556787        0.944959
         1.76651       -0.671918        0.392833
         1.38677        -1.24721         1.41339
        -1.16142       -0.717286       0.0559889
        0.913381       0.0642007        -1.34346
         1.89941       -0.208645         -1.6831
        -2.17545       -0.398383        0.576799
        0.305913         1.33603       -0.167332
        -2.00987          1.1082         1.72054
        0.444458        -1.53602       -0.494947
        0.222182         2.38858       -0.379538
       -0.683806        0.132822       -0.970233
