        0.918311        0.314955         1.53464
        0.554174      -0.0623237        -2.96641
          0.4395       0.0733897        -1.76759
       -0.103264        0.206049        0.344082
         1.34485        -1.10345       -0.543351
         -3.4436       -0.698665       -0.270665
       0.0444024       -0.719241       0.0863453
        -0.15661        -1.04783        -0.94549
        -1.10445       -0.842753        0.779957
        0.402055        0.831684       -0.771945
        0.755613        0.345984         0.63831
        0.945363      -0.0178702        -1.45397
       -0.640101         2.14959       -0.831818
        0.594428       -0.286203       -0.319483
        0.415571       -0.785752        -2.05977
         1.27542        -1.98444        0.338062
        -1.46056        -1.17182       -0.239295
       -0.335495        -1.32287         2.86665
         1.02841        0.599943       -0.373275
        -1.61747        -2.83452         1.41035
        0.907757       0.0961509        0.537943
        0.304477        -1.58616       -0.993066
        0.402029      -0.0959155         0.42416
         0.98017          1.1845       0.0462086
        0.705544        -1.57219        0.864581
        0.267177         1.29118        -1.49155
        0.129619       -0.404131         0.13372
        0.550587      0.00258721        -1.09672
       -0.816656        0.516734        0.163267
       -0.943226         1.14652         1.89736
         1.52903         2.16489       -0.135532
        0.452443        -1.60605        0.761284
        0.220905       -0.829073        -3.73562
        0.485178       -0.902269        0.726761
        -2.45744        -0.73554      -0.0982947
         2.62401        0.101742         0.82825
       -0.373536       -0.370234         1.64358
        0.179828         1.38054        0.475743
       -0.298106         1.04206       -0.134653
       -0.915661       -0.404653        -2.35908
       -0.822626        0.134677        -2.67445
        0.601415      -0.0101455         1.05351
         1.31227       -0.382384        0.263335
        0.233013       -0.135628       -0.296832
        0.315102        -1.30366        0.691534
         1.86054        -1.68671         1.05112
        -1.26116       0.0912925       -0.903465
         -2.5037         2.34974       -0.626611
        -1.94189        0.531092         1.00192
        0.102786        0.396195       -0.663597
       -0.698515           2.369         1.02395
        0.348627         1.25137        0.546168
       -0.152624        0.369955        0.973671
        0.684017         1.22143         0.13558
        0.135485          0.2154       -0.360883
          1.7011       -0.332458         2.58653
        -0.54061          1.4009        0.472954
       -0.599723         1.84682       -0.954094
        0.221953        0.333735         0.12064
       -0.478372        0.310964       -0.497964
       -0.486839        0.573388        -1.27323
       -0.444744        -1.20738         2.50713
          1.0343       -0.217775         0.46166
        0.265828        -2.27381        0.854752
        -0.35012         2.63965       -0.300315
       0.0286757        0.602372        -1.01771
         1.33004       0.0676527        0.152751
         1.46347        -3.26344        0.890905
       -0.153657         1.35004        -1.37366
       -0.226192        0.122886        0.177925
        -1.49758        0.847437       -0.483983
       -0.545765       -0.788893         1.11606
        0.315986       -0.182267        0.385181
       -0.780057      -0.0625786        -1.09877
         1.19801       -0.880739         0.43107
         -1.3856       -0.832456        0.130975
        -1.82156         1.55207       -0.632437
         1.33899        -1.56356        -2.13305
       -0.355687         1.90752        0.995005
       -0.701507       -0.591115       -0.579967
        -1.34944         0.17176       -0.551963
         1.76493        0.732772        -1.87061
         1.45557        0.802506        -0.28249
       -0.236571          1.0049     0.000511978
         1.97559        -1.71986         2.27182
        -1.93437       0.0111307        -1.29391
         2.23004        0.753018        0.749464
        0.104648         1.49827        -1.88748
      -0.0780289        0.221166        0.211083
        0.101127        0.301083         0.32815
        -1.61208        0.926622         0.72414
       -0.951759       -0.655342       -0.122321
       0.0720586        0.151299        0.786568
       -0.721833        0.220613         1.86781
       -0.916712        -1.08967        0.734779
         1.60325          2.6476       -0.480293
        0.540457        0.222722         1.61294
        0.922308       -0.907868      -0.0716924
       -0.221661       -0.282788          1.4593
       -0.140477        -1.05045        0.461749
        0.253613       -0.478701        -0.85145
       -0.996346           1.504         1.50979
       -0.853406        -3.28052        0.754551
        0.631307        0.343917        -1.55171
        -0.92172        -1.36275      -0.0117625
       -0.251571        -1.22492       -0.467376
        -1.20708         1.86069       -0.377807
          0.2044       -0.156356        0.281238
